<?xml version="1.0" encoding="UTF-8" ?>
<testsuite failures="0" time="0.024" errors="0" skipped="0" tests="6" name="spring.core.service.impl.AuditoriumServiceImplTest">
  <properties>
[...]
</properties>
  <testcase time="0.001" classname="spring.core.service.impl.AuditoriumServiceImplTest" name="test1"/>
  <testcase time="0.003" classname="spring.core.service.impl.AuditoriumServiceImplTest" name="test2"/>
  <testcase time="0.004" classname="spring.core.service.impl.AuditoriumServiceImplTest" name="test3"/>
  <testcase time="0.003" classname="spring.core.service.impl.AuditoriumServiceImplTest" name="test4"/>
  <testcase time="0.01" classname="spring.core.service.impl.AuditoriumServiceImplTest" name="test5"/>
  <testcase time="0.003" classname="spring.core.service.impl.AuditoriumServiceImplTest" name="test6"/>
</testsuite>